GROUP,PACKAGE,CLASS,INSTRUCTION_MISSED,INSTRUCTION_COVERED,BRANCH_MISSED,BRANCH_COVERED,LINE_MISSED,LINE_COVERED,COMPLEXITY_MISSED,COMPLEXITY_COVERED,METHOD_MISSED,METHOD_COVERED
Nasdanika HTML,org.nasdanika.html,Form.Method,15,0,0,0,1,0,1,0,1,0
Nasdanika HTML,org.nasdanika.html,NamedItemsContainer,23,0,2,0,6,0,3,0,2,0
Nasdanika HTML,org.nasdanika.html,Color,843,0,0,0,141,0,1,0,1,0
Nasdanika HTML,org.nasdanika.html,HTMLElement,8,0,0,0,2,0,1,0,1,0
Nasdanika HTML,org.nasdanika.html,InputType.new InputType() {...},21,0,2,0,5,0,3,0,2,0
Nasdanika HTML,org.nasdanika.html,InputType.new InputType() {...},8,0,0,0,2,0,2,0,2,0
Nasdanika HTML,org.nasdanika.html,Button.Type,21,0,0,0,1,0,1,0,1,0
Nasdanika HTML,org.nasdanika.html,TagName,5,721,0,0,1,120,1,4,1,4
Nasdanika HTML,org.nasdanika.html,ProducerException,20,0,0,0,8,0,4,0,4,0
Nasdanika HTML,org.nasdanika.html,HTMLElement.new Object() {...},363,0,55,0,72,0,34,0,5,0
Nasdanika HTML,org.nasdanika.html,OrderedListType,91,0,4,0,15,0,5,0,3,0
Nasdanika HTML,org.nasdanika.html,HTMLFactory,0,5,0,0,0,1,0,1,0,1
Nasdanika HTML,org.nasdanika.html,TokenSource,6,0,0,0,2,0,1,0,1,0
Nasdanika HTML,org.nasdanika.html,InputType,174,0,2,0,32,0,6,0,5,0
Nasdanika HTML,org.nasdanika.html,Form.EncType,32,0,0,0,7,0,2,0,2,0
Nasdanika HTML,org.nasdanika.html,Container,10,0,0,0,2,0,1,0,1,0
Nasdanika HTML,org.nasdanika.html,HTMLElementFilter,175,0,0,0,46,0,27,0,27,0
Nasdanika HTML,org.nasdanika.html,Event,183,0,0,0,31,0,1,0,1,0
Nasdanika HTML,org.nasdanika.html.impl,FragmentImpl,115,0,10,0,28,0,13,0,8,0
Nasdanika HTML,org.nasdanika.html.impl,SelectImpl.OptionGroupImpl,74,0,6,0,15,0,8,0,5,0
Nasdanika HTML,org.nasdanika.html.impl,TableImpl.TableBodyImpl,9,0,0,0,3,0,1,0,1,0
Nasdanika HTML,org.nasdanika.html.impl,StyleImpl.NormalNoneInitialInheritImpl,32,0,0,0,8,0,6,0,6,0
Nasdanika HTML,org.nasdanika.html.impl,RowContainerImpl,128,0,10,0,21,0,10,0,5,0
Nasdanika HTML,org.nasdanika.html.impl,StyleImpl.1.new Style.Font.FontVariant() {...},13,0,0,0,4,0,2,0,2,0
Nasdanika HTML,org.nasdanika.html.impl,FieldContainerImpl.new FormFragment() {...},10,0,0,0,3,0,1,0,1,0
Nasdanika HTML,org.nasdanika.html.impl,DefaultHTMLFactory.new NamedItemsContainer() {...},57,0,0,0,7,0,5,0,5,0
Nasdanika HTML,org.nasdanika.html.impl,StyleImpl.1.new Style.Font.FontWeight() {...},25,0,0,0,7,0,5,0,5,0
Nasdanika HTML,org.nasdanika.html.impl,StyleImpl.new Style.Display() {...},76,0,0,0,20,0,18,0,18,0
Nasdanika HTML,org.nasdanika.html.impl,StyleImpl.new Style.Float() {...},16,0,0,0,5,0,3,0,3,0
Nasdanika HTML,org.nasdanika.html.impl,SelectImpl,83,0,6,0,16,0,10,0,7,0
Nasdanika HTML,org.nasdanika.html.impl,TextAreaImpl,65,0,4,0,11,0,12,0,10,0
Nasdanika HTML,org.nasdanika.html.impl,TableImpl.TableFooterImpl,9,0,0,0,3,0,1,0,1,0
Nasdanika HTML,org.nasdanika.html.impl,StyleImpl.1.new Style.Font.FontStyle() {...},17,0,0,0,5,0,3,0,3,0
Nasdanika HTML,org.nasdanika.html.impl,DefaultHTMLFactory.new TokenSource() {...},32,0,2,0,7,0,5,0,4,0
Nasdanika HTML,org.nasdanika.html.impl,DefaultHTMLFactory.new Object() {...},14,0,0,0,2,0,2,0,2,0
Nasdanika HTML,org.nasdanika.html.impl,InputBaseImpl,114,0,16,0,21,0,18,0,10,0
Nasdanika HTML,org.nasdanika.html.impl,DefaultHTMLFactory.new Function() {...},185,0,24,0,36,0,17,0,5,0
Nasdanika HTML,org.nasdanika.html.impl,DefaultHTMLFactory.new TagImpl() {...},35,0,2,0,6,0,3,0,2,0
Nasdanika HTML,org.nasdanika.html.impl,DefaultHTMLFactory.new TagImpl() {...},35,0,2,0,6,0,3,0,2,0
Nasdanika HTML,org.nasdanika.html.impl,RowContainerImpl.RowImpl,86,0,6,0,18,0,8,0,5,0
Nasdanika HTML,org.nasdanika.html.impl,StyleImpl.2.new Style.Text.TextOverflow() {...},21,0,0,0,6,0,4,0,4,0
Nasdanika HTML,org.nasdanika.html.impl,FieldSetImpl,71,0,2,0,14,0,9,0,8,0
Nasdanika HTML,org.nasdanika.html.impl,TableImpl.TableHeaderImpl,9,0,0,0,3,0,1,0,1,0
Nasdanika HTML,org.nasdanika.html.impl,TableImpl,240,0,20,0,43,0,20,0,10,0
Nasdanika HTML,org.nasdanika.html.impl,FormImpl.new Markup() {...},9,0,0,0,3,0,1,0,1,0
Nasdanika HTML,org.nasdanika.html.impl,StyleImpl.2.new Style.Text.TextDecoration() {...},21,0,0,0,6,0,4,0,4,0
Nasdanika HTML,org.nasdanika.html.impl,ButtonImpl,59,0,6,0,11,0,8,0,5,0
Nasdanika HTML,org.nasdanika.html.impl,RowContainerImpl.RowImpl.CellImpl,56,0,4,0,9,0,6,0,4,0
Nasdanika HTML,org.nasdanika.html.impl,StyleImpl.BoxImpl,32,9,0,0,4,3,4,1,4,1
Nasdanika HTML,org.nasdanika.html.impl,FieldContainerImpl,119,0,6,0,24,0,12,0,9,0
Nasdanika HTML,org.nasdanika.html.impl,InputImpl,144,0,6,0,24,0,24,0,21,0
Nasdanika HTML,org.nasdanika.html.impl,StyleImpl.1BackgroundImpl.new Style.Background.BackgroundColor() {...},13,0,0,0,4,0,2,0,2,0
Nasdanika HTML,org.nasdanika.html.impl,HTMLElementImpl,776,258,121,27,148,58,105,12,33,10
Nasdanika HTML,org.nasdanika.html.impl,TagImpl,18,61,3,5,3,9,5,5,2,4
Nasdanika HTML,org.nasdanika.html.impl,DefaultHTMLFactory,329,25,8,0,59,5,34,4,30,4
Nasdanika HTML,org.nasdanika.html.impl,StyleImpl.ColorImpl,22,0,0,0,7,0,4,0,4,0
Nasdanika HTML,org.nasdanika.html.impl,FormImpl,106,0,4,0,18,0,17,0,15,0
Nasdanika HTML,org.nasdanika.html.impl,StyleImpl.new Style.Background() {...},13,0,0,0,4,0,2,0,2,0
Nasdanika HTML,org.nasdanika.html.impl,StyleImpl,80,27,0,0,17,6,17,1,17,1
Nasdanika HTML,org.nasdanika.html.impl,StyleImpl.new Style.Text() {...},26,0,0,0,5,0,5,0,5,0
Nasdanika HTML,org.nasdanika.html.impl,StyleImpl.2.new Style.Text.TextJustify() {...},37,0,0,0,10,0,8,0,8,0
Nasdanika HTML,org.nasdanika.html.impl,StyleImpl.new Style.WhiteSpace() {...},24,0,0,0,7,0,5,0,5,0
Nasdanika HTML,org.nasdanika.html.impl,HTMLPageImpl,160,0,2,0,28,0,12,0,11,0
Nasdanika HTML,org.nasdanika.html.impl,StyleImpl.new Style.Font() {...},33,0,0,0,6,0,6,0,6,0
Nasdanika HTML,org.nasdanika.html.impl,StyleImpl.2.new Style.Text.TextAlign() {...},25,0,0,0,7,0,5,0,5,0
